{"timestamp": "2025-06-01 20:24:02,795", "level": "INFO", "message": "Test log info", "correlation_id": "9dcedf8a-3bfb-411e-8f12-2b54523a3abf", "module": "logger", "funcName": "info", "lineno": 74}
{"timestamp": "2025-06-01 20:24:02,797", "level": "ERROR", "message": "Test log error", "correlation_id": "9dcedf8a-3bfb-411e-8f12-2b54523a3abf", "module": "logger", "funcName": "error", "lineno": 80}
{"timestamp": "2025-06-01 20:24:02,798", "level": "DEBUG", "message": "Test log debug", "correlation_id": "9dcedf8a-3bfb-411e-8f12-2b54523a3abf", "module": "logger", "funcName": "debug", "lineno": 71}
{"timestamp": "2025-06-01 20:24:02,798", "level": "INFO", "message": "Auditoría - Usuario: testuser, Acción: accion_test, Detalles: detalle de prueba", "correlation_id": "9dcedf8a-3bfb-411e-8f12-2b54523a3abf", "module": "logger", "funcName": "log_auditoria", "lineno": 94}
{"timestamp": "2025-06-02 16:49:34,427", "level": "INFO", "message": "Aplicación iniciada", "correlation_id": "cedaac3c-c2c6-4bc2-8bf7-2b462e923bce", "module": "logger", "funcName": "info", "lineno": 74}
{"timestamp": "2025-06-02 16:49:36,486", "level": "ERROR", "message": "registrar_evento: Argumentos faltantes: usuario_id=None, modulo=inventario, tipo_evento=ver", "correlation_id": "6180c28b-6f36-4397-a669-e117602f4c2e", "module": "logger", "funcName": "error", "lineno": 80}
{"timestamp": "2025-06-02 16:49:36,486", "level": "ERROR", "message": "registrar_evento: Argumentos faltantes: usuario_id=None, modulo=inventario, tipo_evento=ver", "correlation_id": "6180c28b-6f36-4397-a669-e117602f4c2e", "module": "logger", "funcName": "error", "lineno": 80}
{"timestamp": "2025-06-02 16:54:00,912", "level": "INFO", "message": "Aplicación iniciada", "correlation_id": "8b9aab3e-3d7e-48fb-873c-3cb5ed1afb0e", "module": "logger", "funcName": "info", "lineno": 74}
{"timestamp": "2025-06-02 16:54:03,529", "level": "ERROR", "message": "registrar_evento: Argumentos faltantes: usuario_id=None, modulo=inventario, tipo_evento=ver", "correlation_id": "b8e9d53c-8f96-48af-bc3f-bec1db846822", "module": "logger", "funcName": "error", "lineno": 80}
{"timestamp": "2025-06-02 16:54:03,529", "level": "ERROR", "message": "registrar_evento: Argumentos faltantes: usuario_id=None, modulo=inventario, tipo_evento=ver", "correlation_id": "b8e9d53c-8f96-48af-bc3f-bec1db846822", "module": "logger", "funcName": "error", "lineno": 80}
{"timestamp": "2025-06-02 16:55:02,622", "level": "INFO", "message": "Aplicación iniciada", "correlation_id": "efdd9a63-df96-42e1-8a27-fc8ce77445cf", "module": "logger", "funcName": "info", "lineno": 74}
{"timestamp": "2025-06-02 16:55:05,404", "level": "ERROR", "message": "registrar_evento: Argumentos faltantes: usuario_id=None, modulo=inventario, tipo_evento=ver", "correlation_id": "9bc6bcae-1fa3-431c-92f0-9a1cf08cebe1", "module": "logger", "funcName": "error", "lineno": 80}
{"timestamp": "2025-06-02 16:55:05,404", "level": "ERROR", "message": "registrar_evento: Argumentos faltantes: usuario_id=None, modulo=inventario, tipo_evento=ver", "correlation_id": "9bc6bcae-1fa3-431c-92f0-9a1cf08cebe1", "module": "logger", "funcName": "error", "lineno": 80}
{"timestamp": "2025-06-02 16:56:06,075", "level": "INFO", "message": "Aplicación iniciada", "correlation_id": "8252425e-b657-44e7-b2c4-976f528f81ee", "module": "logger", "funcName": "info", "lineno": 74}
{"timestamp": "2025-06-02 16:56:08,094", "level": "ERROR", "message": "registrar_evento: Argumentos faltantes: usuario_id=None, modulo=inventario, tipo_evento=ver", "correlation_id": "54a85df3-e0ea-40ce-920d-4952f4e0d1f4", "module": "logger", "funcName": "error", "lineno": 80}
{"timestamp": "2025-06-02 16:56:08,094", "level": "ERROR", "message": "registrar_evento: Argumentos faltantes: usuario_id=None, modulo=inventario, tipo_evento=ver", "correlation_id": "54a85df3-e0ea-40ce-920d-4952f4e0d1f4", "module": "logger", "funcName": "error", "lineno": 80}
{"timestamp": "2025-06-02 16:57:04,477", "level": "INFO", "message": "Aplicación iniciada", "correlation_id": "855cc222-c99b-4b53-bfbc-4a87dc3a2828", "module": "logger", "funcName": "info", "lineno": 74}
{"timestamp": "2025-06-02 16:57:06,257", "level": "ERROR", "message": "registrar_evento: Argumentos faltantes: usuario_id=None, modulo=inventario, tipo_evento=ver", "correlation_id": "2e89a80d-7d87-4113-a7ad-13b3bd417291", "module": "logger", "funcName": "error", "lineno": 80}
{"timestamp": "2025-06-02 16:57:06,257", "level": "ERROR", "message": "registrar_evento: Argumentos faltantes: usuario_id=None, modulo=inventario, tipo_evento=ver", "correlation_id": "2e89a80d-7d87-4113-a7ad-13b3bd417291", "module": "logger", "funcName": "error", "lineno": 80}
{"timestamp": "2025-06-02 16:58:38,644", "level": "INFO", "message": "Aplicación iniciada", "correlation_id": "1b24b334-7503-44b1-b981-48712982ccdc", "module": "logger", "funcName": "info", "lineno": 74}
{"timestamp": "2025-06-02 16:58:41,981", "level": "ERROR", "message": "registrar_evento: Argumentos faltantes: usuario_id=None, modulo=inventario, tipo_evento=ver", "correlation_id": "65b4ecd6-47dc-4a15-b632-05d1e4f82310", "module": "logger", "funcName": "error", "lineno": 80}
{"timestamp": "2025-06-02 16:58:41,981", "level": "ERROR", "message": "registrar_evento: Argumentos faltantes: usuario_id=None, modulo=inventario, tipo_evento=ver", "correlation_id": "65b4ecd6-47dc-4a15-b632-05d1e4f82310", "module": "logger", "funcName": "error", "lineno": 80}
{"timestamp": "2025-06-02 17:01:49,131", "level": "INFO", "message": "Aplicación iniciada", "correlation_id": "33ae490f-9dcb-4c82-b105-55d22b3a42a5", "module": "logger", "funcName": "info", "lineno": 74}
{"timestamp": "2025-06-02 17:01:51,125", "level": "ERROR", "message": "registrar_evento: Argumentos faltantes: usuario_id=None, modulo=inventario, tipo_evento=ver", "correlation_id": "f6669f1c-94bb-4bcf-aa1a-cd42a769769f", "module": "logger", "funcName": "error", "lineno": 80}
{"timestamp": "2025-06-02 17:01:51,125", "level": "ERROR", "message": "registrar_evento: Argumentos faltantes: usuario_id=None, modulo=inventario, tipo_evento=ver", "correlation_id": "f6669f1c-94bb-4bcf-aa1a-cd42a769769f", "module": "logger", "funcName": "error", "lineno": 80}
{"timestamp": "2025-06-02 17:02:28,705", "level": "INFO", "message": "Aplicación iniciada", "correlation_id": "679c47ae-8dfb-4a1a-9b68-d21a5bf2b421", "module": "logger", "funcName": "info", "lineno": 74}
{"timestamp": "2025-06-02 17:02:31,704", "level": "ERROR", "message": "registrar_evento: Argumentos faltantes: usuario_id=None, modulo=inventario, tipo_evento=ver", "correlation_id": "1a49f4dd-6aba-4bf5-9ae6-8914e96fa650", "module": "logger", "funcName": "error", "lineno": 80}
{"timestamp": "2025-06-02 17:02:31,704", "level": "ERROR", "message": "registrar_evento: Argumentos faltantes: usuario_id=None, modulo=inventario, tipo_evento=ver", "correlation_id": "1a49f4dd-6aba-4bf5-9ae6-8914e96fa650", "module": "logger", "funcName": "error", "lineno": 80}
{"timestamp": "2025-06-02 17:02:33,029", "level": "INFO", "message": "[PERMISOS] Sidebar filtrado: ['Obras', 'Inventario', 'Herrajes', 'Compras / Pedidos', 'Logística', 'Vidrios', 'Mantenimiento', 'Producción', 'Contabilidad', 'Auditoría', 'Usuarios', 'Configuración']", "correlation_id": "679c47ae-8dfb-4a1a-9b68-d21a5bf2b421", "module": "logger", "funcName": "info", "lineno": 74}
{"timestamp": "2025-06-02 17:02:33,029", "level": "INFO", "message": "[PERMISOS] Sidebar filtrado: ['Obras', 'Inventario', 'Herrajes', 'Compras / Pedidos', 'Logística', 'Vidrios', 'Mantenimiento', 'Producción', 'Contabilidad', 'Auditoría', 'Usuarios', 'Configuración']", "correlation_id": "679c47ae-8dfb-4a1a-9b68-d21a5bf2b421", "module": "logger", "funcName": "info", "lineno": 74}
